<?xml version="1.0" encoding="UTF-8"?>
<testng-results skipped="0" failed="0" total="3" passed="3">
  <reporter-output>
  </reporter-output>
  <suite name="Default suite" duration-ms="10577" started-at="2019-09-17T10:28:11Z" finished-at="2019-09-17T10:28:21Z">
    <groups>
    </groups>
    <test name="Default test" duration-ms="10577" started-at="2019-09-17T10:28:11Z" finished-at="2019-09-17T10:28:21Z">
      <class name="testNG">
        <test-method status="PASS" signature="hitURL()[pri:0, instance:testNG@754ba872]" name="hitURL" is-config="true" duration-ms="7249" started-at="2019-09-17T15:58:04Z" finished-at="2019-09-17T15:58:11Z">
          <reporter-output>
          </reporter-output>
        </test-method> <!-- hitURL -->
        <test-method status="PASS" signature="ExtentReport()[pri:0, instance:testNG@754ba872]" name="ExtentReport" is-config="true" duration-ms="114" started-at="2019-09-17T15:58:11Z" finished-at="2019-09-17T15:58:11Z">
          <reporter-output>
          </reporter-output>
        </test-method> <!-- ExtentReport -->
        <test-method status="PASS" signature="GmailPage()[pri:0, instance:testNG@754ba872]" name="GmailPage" duration-ms="2784" started-at="2019-09-17T15:58:11Z" finished-at="2019-09-17T15:58:14Z">
          <reporter-output>
          </reporter-output>
        </test-method> <!-- GmailPage -->
        <test-method status="PASS" signature="Click()[pri:2, instance:testNG@754ba872]" name="Click" duration-ms="1952" started-at="2019-09-17T15:58:14Z" finished-at="2019-09-17T15:58:16Z">
          <reporter-output>
          </reporter-output>
        </test-method> <!-- Click -->
        <test-method status="PASS" signature="YouTube()[pri:3, instance:testNG@754ba872]" name="YouTube" duration-ms="5288" started-at="2019-09-17T15:58:16Z" finished-at="2019-09-17T15:58:21Z">
          <reporter-output>
          </reporter-output>
        </test-method> <!-- YouTube -->
        <test-method status="PASS" signature="terminate()[pri:0, instance:testNG@754ba872]" name="terminate" is-config="true" duration-ms="420" started-at="2019-09-17T15:58:21Z" finished-at="2019-09-17T15:58:21Z">
          <reporter-output>
          </reporter-output>
        </test-method> <!-- terminate -->
      </class> <!-- testNG -->
    </test> <!-- Default test -->
  </suite> <!-- Default suite -->
</testng-results>
